0 info it worked if it ends with ok
1 verbose cli [ '/usr/local/bin/node',
1 verbose cli   '/usr/local/bin/npm',
1 verbose cli   'install',
1 verbose cli   'nw.gui',
1 verbose cli   '--save-dev' ]
2 info using npm@2.14.7
3 info using node@v4.2.3
4 verbose install initial load of /Users/kimberlyvasquez/Documents/Web/Html/package.json
5 warn package.json application-name@0.0.1 No description
6 warn package.json application-name@0.0.1 No repository field.
7 warn package.json application-name@0.0.1 No README data
8 warn package.json application-name@0.0.1 No license field.
9 verbose installManyTop reading scoped package data from /Users/kimberlyvasquez/Documents/Web/Html/node_modules/binaryjs/package.json
10 verbose installManyTop reading scoped package data from /Users/kimberlyvasquez/Documents/Web/Html/node_modules/express/package.json
11 verbose installManyTop reading scoped package data from /Users/kimberlyvasquez/Documents/Web/Html/node_modules/mongoose/package.json
12 verbose installManyTop reading scoped package data from /Users/kimberlyvasquez/Documents/Web/Html/node_modules/socket.io/package.json
13 verbose installManyTop reading scoped package data from /Users/kimberlyvasquez/Documents/Web/Html/node_modules/socket.io-stream/package.json
14 verbose installManyTop reading scoped package data from /Users/kimberlyvasquez/Documents/Web/Html/node_modules/webrtc/package.json
15 info package.json binaryjs@0.2.1 No license field.
16 info package.json socket.io@1.3.7 No license field.
17 info package.json socket.io-stream@0.9.0 No license field.
18 info package.json webrtc@1.14.1 No license field.
19 verbose readDependencies loading dependencies from /Users/kimberlyvasquez/Documents/Web/Html/package.json
20 silly cache add args [ 'nw.gui', null ]
21 verbose cache add spec nw.gui
22 silly cache add parsed spec Result {
22 silly cache add   raw: 'nw.gui',
22 silly cache add   scope: null,
22 silly cache add   name: 'nw.gui',
22 silly cache add   rawSpec: '',
22 silly cache add   spec: '*',
22 silly cache add   type: 'range' }
23 silly addNamed nw.gui@*
24 verbose addNamed "*" is a valid semver range for nw.gui
25 silly addNameRange { name: 'nw.gui', range: '*', hasData: false }
26 silly mapToRegistry name nw.gui
27 silly mapToRegistry using default registry
28 silly mapToRegistry registry https://registry.npmjs.org/
29 silly mapToRegistry uri https://registry.npmjs.org/nw.gui
30 verbose addNameRange registry:https://registry.npmjs.org/nw.gui not in flight; fetching
31 verbose request uri https://registry.npmjs.org/nw.gui
32 verbose request no auth needed
33 info attempt registry request try #1 at 5:58:56 PM
34 verbose request id 382461a53828c59f
35 http request GET https://registry.npmjs.org/nw.gui
36 http 404 https://registry.npmjs.org/nw.gui
37 verbose headers { 'content-type': 'application/json',
37 verbose headers   'cache-control': 'max-age=0',
37 verbose headers   'content-length': '2',
37 verbose headers   'accept-ranges': 'bytes',
37 verbose headers   date: 'Wed, 30 Dec 2015 22:58:56 GMT',
37 verbose headers   via: '1.1 varnish',
37 verbose headers   age: '0',
37 verbose headers   connection: 'keep-alive',
37 verbose headers   'x-served-by': 'cache-iad2121-IAD',
37 verbose headers   'x-cache': 'MISS',
37 verbose headers   'x-cache-hits': '0',
37 verbose headers   'x-timer': 'S1451516336.850608,VS0,VE15' }
38 silly get cb [ 404,
38 silly get   { 'content-type': 'application/json',
38 silly get     'cache-control': 'max-age=0',
38 silly get     'content-length': '2',
38 silly get     'accept-ranges': 'bytes',
38 silly get     date: 'Wed, 30 Dec 2015 22:58:56 GMT',
38 silly get     via: '1.1 varnish',
38 silly get     age: '0',
38 silly get     connection: 'keep-alive',
38 silly get     'x-served-by': 'cache-iad2121-IAD',
38 silly get     'x-cache': 'MISS',
38 silly get     'x-cache-hits': '0',
38 silly get     'x-timer': 'S1451516336.850608,VS0,VE15' } ]
39 verbose stack Error: Registry returned 404 for GET on https://registry.npmjs.org/nw.gui
39 verbose stack     at makeError (/usr/local/lib/node_modules/npm/node_modules/npm-registry-client/lib/request.js:264:12)
39 verbose stack     at CachingRegistryClient.<anonymous> (/usr/local/lib/node_modules/npm/node_modules/npm-registry-client/lib/request.js:242:14)
39 verbose stack     at Request._callback (/usr/local/lib/node_modules/npm/node_modules/npm-registry-client/lib/request.js:172:14)
39 verbose stack     at Request.self.callback (/usr/local/lib/node_modules/npm/node_modules/request/request.js:198:22)
39 verbose stack     at emitTwo (events.js:87:13)
39 verbose stack     at Request.emit (events.js:172:7)
39 verbose stack     at Request.<anonymous> (/usr/local/lib/node_modules/npm/node_modules/request/request.js:1063:14)
39 verbose stack     at emitOne (events.js:82:20)
39 verbose stack     at Request.emit (events.js:169:7)
39 verbose stack     at IncomingMessage.<anonymous> (/usr/local/lib/node_modules/npm/node_modules/request/request.js:1009:12)
40 verbose statusCode 404
41 verbose pkgid nw.gui
42 verbose cwd /Users/kimberlyvasquez/Documents/Web/Html
43 error Darwin 14.5.0
44 error argv "/usr/local/bin/node" "/usr/local/bin/npm" "install" "nw.gui" "--save-dev"
45 error node v4.2.3
46 error npm  v2.14.7
47 error code E404
48 error 404 Registry returned 404 for GET on https://registry.npmjs.org/nw.gui
48 error 404
48 error 404 'nw.gui' is not in the npm registry.
48 error 404 You should bug the author to publish it (or use the name yourself!)
48 error 404 It was specified as a dependency of 'application-name'
48 error 404
48 error 404 Note that you can also install from a
48 error 404 tarball, folder, http url, or git url.
49 verbose exit [ 1, true ]
